<?xml version="1.0" encoding="UTF-8"?>
<testng-results total="1" passed="1" failed="0" skipped="0">
  <reporter-output>
  </reporter-output>
  <suite started-at="2024-11-23T22:13:14Z" name="Surefire suite" finished-at="2024-11-23T22:14:06Z" duration-ms="52240">
    <groups>
    </groups>
    <test started-at="2024-11-23T22:13:14Z" name="Surefire test" finished-at="2024-11-23T22:14:06Z" duration-ms="52240">
      <class name="test.com.itexps.GoogleTest">
        <test-method is-config="true" signature="setUpClass()[pri:0, instance:test.com.itexps.GoogleTest@e720b71]" started-at="2024-11-23T16:13:14Z" name="setUpClass" finished-at="2024-11-23T16:13:14Z" duration-ms="3" status="PASS">
          <reporter-output>
          </reporter-output>
        </test-method> <!-- setUpClass -->
        <test-method is-config="true" signature="setUpMethod()[pri:0, instance:test.com.itexps.GoogleTest@e720b71]" started-at="2024-11-23T16:13:14Z" name="setUpMethod" finished-at="2024-11-23T16:13:23Z" duration-ms="8716" status="PASS">
          <reporter-output>
          </reporter-output>
        </test-method> <!-- setUpMethod -->
        <test-method signature="testGoogle()[pri:0, instance:test.com.itexps.GoogleTest@e720b71]" started-at="2024-11-23T16:13:23Z" name="testGoogle" finished-at="2024-11-23T16:14:06Z" duration-ms="43517" status="PASS">
          <reporter-output>
          </reporter-output>
        </test-method> <!-- testGoogle -->
        <test-method is-config="true" signature="tearDownMethod()[pri:0, instance:test.com.itexps.GoogleTest@e720b71]" started-at="2024-11-23T16:14:06Z" name="tearDownMethod" finished-at="2024-11-23T16:14:06Z" duration-ms="1" status="PASS">
          <reporter-output>
          </reporter-output>
        </test-method> <!-- tearDownMethod -->
        <test-method is-config="true" signature="tearDownClass()[pri:0, instance:test.com.itexps.GoogleTest@e720b71]" started-at="2024-11-23T16:14:06Z" name="tearDownClass" finished-at="2024-11-23T16:14:06Z" duration-ms="0" status="PASS">
          <reporter-output>
          </reporter-output>
        </test-method> <!-- tearDownClass -->
      </class> <!-- test.com.itexps.GoogleTest -->
    </test> <!-- Surefire test -->
  </suite> <!-- Surefire suite -->
</testng-results>
